2025-02-12T05:56:44.377+05:30  INFO 14624 --- [Usermicroservice] [restartedMain] c.p.user.UserMicroserviceApplication     : Starting UserMicroserviceApplication using Java 23.0.1 with PID 14624 (C:\Users\2380378\git\expenseincometracker\UserMicroservice\target\classes started by 2380378 in C:\Users\2380378\git\expenseincometracker\UserMicroservice)
2025-02-12T05:56:44.388+05:30  INFO 14624 --- [Usermicroservice] [restartedMain] c.p.user.UserMicroserviceApplication     : No active profile set, falling back to 1 default profile: "default"
2025-02-12T05:56:44.512+05:30  INFO 14624 --- [Usermicroservice] [restartedMain] o.s.c.c.c.ConfigServerConfigDataLoader   : Fetching config from server at : http://localhost:1234
2025-02-12T05:56:44.513+05:30  INFO 14624 --- [Usermicroservice] [restartedMain] o.s.c.c.c.ConfigServerConfigDataLoader   : Located environment: name=Usermicroservice, profiles=[default], label=null, version=a8d3f205eee036121894df30b0313383363a635f, state=
2025-02-12T05:56:44.517+05:30  INFO 14624 --- [Usermicroservice] [restartedMain] .e.DevToolsPropertyDefaultsPostProcessor : Devtools property defaults active! Set 'spring.devtools.add-properties' to 'false' to disable
2025-02-12T05:56:44.518+05:30  INFO 14624 --- [Usermicroservice] [restartedMain] .e.DevToolsPropertyDefaultsPostProcessor : For additional web related logging consider setting the 'logging.level.web' property to 'DEBUG'
2025-02-12T05:56:45.543+05:30  INFO 14624 --- [Usermicroservice] [restartedMain] .s.d.r.c.RepositoryConfigurationDelegate : Bootstrapping Spring Data JPA repositories in DEFAULT mode.
2025-02-12T05:56:45.746+05:30  INFO 14624 --- [Usermicroservice] [restartedMain] .s.d.r.c.RepositoryConfigurationDelegate : Finished Spring Data repository scanning in 191 ms. Found 1 JPA repository interface.
2025-02-12T05:56:46.043+05:30  INFO 14624 --- [Usermicroservice] [restartedMain] o.s.cloud.context.scope.GenericScope     : BeanFactory id=3cf43f42-d80f-3e80-98b8-8b1569983a8c
2025-02-12T05:56:46.863+05:30  INFO 14624 --- [Usermicroservice] [restartedMain] o.s.b.w.embedded.tomcat.TomcatWebServer  : Tomcat initialized with port 8081 (http)
2025-02-12T05:56:46.879+05:30  INFO 14624 --- [Usermicroservice] [restartedMain] o.apache.catalina.core.StandardService   : Starting service [Tomcat]
2025-02-12T05:56:46.881+05:30  INFO 14624 --- [Usermicroservice] [restartedMain] o.apache.catalina.core.StandardEngine    : Starting Servlet engine: [Apache Tomcat/10.1.34]
2025-02-12T05:56:46.977+05:30  INFO 14624 --- [Usermicroservice] [restartedMain] o.a.c.c.C.[Tomcat].[localhost].[/]       : Initializing Spring embedded WebApplicationContext
2025-02-12T05:56:46.979+05:30  INFO 14624 --- [Usermicroservice] [restartedMain] w.s.c.ServletWebServerApplicationContext : Root WebApplicationContext: initialization completed in 2459 ms
2025-02-12T05:56:47.220+05:30  INFO 14624 --- [Usermicroservice] [restartedMain] o.hibernate.jpa.internal.util.LogHelper  : HHH000204: Processing PersistenceUnitInfo [name: default]
2025-02-12T05:56:47.297+05:30  INFO 14624 --- [Usermicroservice] [restartedMain] org.hibernate.Version                    : HHH000412: Hibernate ORM core version 6.6.5.Final
2025-02-12T05:56:47.344+05:30  INFO 14624 --- [Usermicroservice] [restartedMain] o.h.c.internal.RegionFactoryInitiator    : HHH000026: Second-level cache disabled
2025-02-12T05:56:47.670+05:30  INFO 14624 --- [Usermicroservice] [restartedMain] o.s.o.j.p.SpringPersistenceUnitInfo      : No LoadTimeWeaver setup: ignoring JPA class transformer
2025-02-12T05:56:47.718+05:30  INFO 14624 --- [Usermicroservice] [restartedMain] com.zaxxer.hikari.HikariDataSource       : HikariPool-1 - Starting...
2025-02-12T05:56:48.226+05:30  INFO 14624 --- [Usermicroservice] [restartedMain] com.zaxxer.hikari.pool.HikariPool        : HikariPool-1 - Added connection com.mysql.cj.jdbc.ConnectionImpl@7947b1f2
2025-02-12T05:56:48.228+05:30  INFO 14624 --- [Usermicroservice] [restartedMain] com.zaxxer.hikari.HikariDataSource       : HikariPool-1 - Start completed.
2025-02-12T05:56:48.351+05:30  INFO 14624 --- [Usermicroservice] [restartedMain] org.hibernate.orm.connections.pooling    : HHH10001005: Database info:
	Database JDBC URL [Connecting through datasource 'HikariDataSource (HikariPool-1)']
	Database driver: undefined/unknown
	Database version: 8.0.40
	Autocommit mode: undefined/unknown
	Isolation level: undefined/unknown
	Minimum pool size: undefined/unknown
	Maximum pool size: undefined/unknown
2025-02-12T05:56:49.386+05:30  INFO 14624 --- [Usermicroservice] [restartedMain] o.h.e.t.j.p.i.JtaPlatformInitiator       : HHH000489: No JTA platform available (set 'hibernate.transaction.jta.platform' to enable JTA platform integration)
2025-02-12T05:56:49.429+05:30  INFO 14624 --- [Usermicroservice] [restartedMain] j.LocalContainerEntityManagerFactoryBean : Initialized JPA EntityManagerFactory for persistence unit 'default'
2025-02-12T05:56:49.865+05:30  WARN 14624 --- [Usermicroservice] [restartedMain] JpaBaseConfiguration$JpaWebConfiguration : spring.jpa.open-in-view is enabled by default. Therefore, database queries may be performed during view rendering. Explicitly configure spring.jpa.open-in-view to disable this warning
2025-02-12T05:56:50.464+05:30  WARN 14624 --- [Usermicroservice] [restartedMain] o.s.b.d.a.OptionalLiveReloadServer       : Unable to start LiveReload server
2025-02-12T05:56:50.601+05:30  INFO 14624 --- [Usermicroservice] [restartedMain] DiscoveryClientOptionalArgsConfiguration : Eureka HTTP Client uses RestTemplate.
2025-02-12T05:56:50.691+05:30  WARN 14624 --- [Usermicroservice] [restartedMain] iguration$LoadBalancerCaffeineWarnLogger : Spring Cloud LoadBalancer is currently working with the default cache. While this cache implementation is useful for development and tests, it's recommended to use Caffeine cache in production.You can switch to using Caffeine cache, by adding it and org.springframework.cache.caffeine.CaffeineCacheManager to the classpath.
2025-02-12T05:56:50.810+05:30  INFO 14624 --- [Usermicroservice] [restartedMain] o.s.c.n.eureka.InstanceInfoFactory       : Setting initial instance status as: STARTING
2025-02-12T05:56:50.844+05:30  INFO 14624 --- [Usermicroservice] [restartedMain] com.netflix.discovery.DiscoveryClient    : Initializing Eureka in region us-east-1
2025-02-12T05:56:50.849+05:30  INFO 14624 --- [Usermicroservice] [restartedMain] c.n.d.s.r.aws.ConfigClusterResolver      : Resolving eureka endpoints via configuration
2025-02-12T05:56:50.859+05:30  INFO 14624 --- [Usermicroservice] [restartedMain] com.netflix.discovery.DiscoveryClient    : Disable delta property : false
2025-02-12T05:56:50.859+05:30  INFO 14624 --- [Usermicroservice] [restartedMain] com.netflix.discovery.DiscoveryClient    : Single vip registry refresh property : null
2025-02-12T05:56:50.860+05:30  INFO 14624 --- [Usermicroservice] [restartedMain] com.netflix.discovery.DiscoveryClient    : Force full registry fetch : false
2025-02-12T05:56:50.860+05:30  INFO 14624 --- [Usermicroservice] [restartedMain] com.netflix.discovery.DiscoveryClient    : Application is null : false
2025-02-12T05:56:50.860+05:30  INFO 14624 --- [Usermicroservice] [restartedMain] com.netflix.discovery.DiscoveryClient    : Registered Applications size is zero : true
2025-02-12T05:56:50.860+05:30  INFO 14624 --- [Usermicroservice] [restartedMain] com.netflix.discovery.DiscoveryClient    : Application version is -1: true
2025-02-12T05:56:50.860+05:30  INFO 14624 --- [Usermicroservice] [restartedMain] com.netflix.discovery.DiscoveryClient    : Getting all instance registry info from the eureka server
2025-02-12T05:56:51.215+05:30  INFO 14624 --- [Usermicroservice] [restartedMain] com.netflix.discovery.DiscoveryClient    : The response status is 200
2025-02-12T05:56:51.218+05:30  INFO 14624 --- [Usermicroservice] [restartedMain] com.netflix.discovery.DiscoveryClient    : Starting heartbeat executor: renew interval is: 30
2025-02-12T05:56:51.221+05:30  INFO 14624 --- [Usermicroservice] [restartedMain] c.n.discovery.InstanceInfoReplicator     : InstanceInfoReplicator onDemand update allowed rate per min is 4
2025-02-12T05:56:51.222+05:30  INFO 14624 --- [Usermicroservice] [restartedMain] com.netflix.discovery.DiscoveryClient    : Discovery Client initialized at timestamp 1739320011222 with initial instances count: 1
2025-02-12T05:56:51.231+05:30  INFO 14624 --- [Usermicroservice] [restartedMain] o.s.c.n.e.s.EurekaServiceRegistry        : Registering application USERMICROSERVICE with eureka with status UP
2025-02-12T05:56:51.232+05:30  INFO 14624 --- [Usermicroservice] [restartedMain] com.netflix.discovery.DiscoveryClient    : Saw local status change event StatusChangeEvent [timestamp=1739320011232, current=UP, previous=STARTING]
2025-02-12T05:56:51.235+05:30  INFO 14624 --- [Usermicroservice] [DiscoveryClient-InstanceInfoReplicator-%d] com.netflix.discovery.DiscoveryClient    : DiscoveryClient_USERMICROSERVICE/LTIN563691.cts.com:Usermicroservice:8081: registering service...
2025-02-12T05:56:51.267+05:30  INFO 14624 --- [Usermicroservice] [restartedMain] o.s.b.w.embedded.tomcat.TomcatWebServer  : Tomcat started on port 8081 (http) with context path '/'
2025-02-12T05:56:51.268+05:30  INFO 14624 --- [Usermicroservice] [restartedMain] .s.c.n.e.s.EurekaAutoServiceRegistration : Updating port to 8081
2025-02-12T05:56:51.283+05:30  INFO 14624 --- [Usermicroservice] [restartedMain] c.p.user.UserMicroserviceApplication     : Started UserMicroserviceApplication in 9.665 seconds (process running for 11.245)
2025-02-12T05:56:51.299+05:30  INFO 14624 --- [Usermicroservice] [DiscoveryClient-InstanceInfoReplicator-%d] com.netflix.discovery.DiscoveryClient    : DiscoveryClient_USERMICROSERVICE/LTIN563691.cts.com:Usermicroservice:8081 - registration status: 204
2025-02-12T05:57:59.122+05:30  INFO 14624 --- [Usermicroservice] [http-nio-8081-exec-1] o.a.c.c.C.[Tomcat].[localhost].[/]       : Initializing Spring DispatcherServlet 'dispatcherServlet'
2025-02-12T05:57:59.122+05:30  INFO 14624 --- [Usermicroservice] [http-nio-8081-exec-1] o.s.web.servlet.DispatcherServlet        : Initializing Servlet 'dispatcherServlet'
2025-02-12T05:57:59.124+05:30  INFO 14624 --- [Usermicroservice] [http-nio-8081-exec-1] o.s.web.servlet.DispatcherServlet        : Completed initialization in 1 ms
2025-02-12T05:57:59.189+05:30  INFO 14624 --- [Usermicroservice] [http-nio-8081-exec-1] com.project.user.aop.LoggingAspect       : Entering method: getUserById with arguments: [115]
2025-02-12T05:57:59.268+05:30  INFO 14624 --- [Usermicroservice] [http-nio-8081-exec-1] com.project.user.aop.LoggingAspect       : Exiting method: getUserById with result: UserDTO(userName=aysha, password=null, email=aysha@example.com)
2025-02-12T05:58:03.301+05:30  INFO 14624 --- [Usermicroservice] [http-nio-8081-exec-2] com.project.user.aop.LoggingAspect       : Entering method: getAllUsers with arguments: []
2025-02-12T05:58:03.421+05:30  INFO 14624 --- [Usermicroservice] [http-nio-8081-exec-2] com.project.user.aop.LoggingAspect       : Exiting method: getAllUsers with result: [UserDTO(userName=testuser1111, password=null, email=testuser11311@example.com), UserDTO(userName=testuser1, password=null, email=testuser@example.com), UserDTO(userName=testuse1r1, password=null, email=testus1er@example.com), UserDTO(userName=testuser11111, password=null, email=testuser11111@example.com), UserDTO(userName=aysha11111, password=null, email=aysestuser11111@example.com), UserDTO(userName=testuser111111, password=null, email=testuser111111@example.com), UserDTO(userName=testuser1111111, password=null, email=testuser111111@1e1xample.com), UserDTO(userName=shanu, password=null, email=aysha11@example.com), UserDTO(userName=aysha, password=null, email=aysha@example.com), UserDTO(userName=aysha1, password=null, email=aysha@example1.com), UserDTO(userName=aysha11, password=null, email=aysha@example11.com), UserDTO(userName=aysha111, password=null, email=aysha@example111.com), UserDTO(userName=aysha1111, password=null, email=aysha@ex)]
2025-02-12T05:58:18.410+05:30  INFO 14624 --- [Usermicroservice] [http-nio-8081-exec-5] com.project.user.aop.LoggingAspect       : Entering method: updateUser with arguments: [114, UserDTO(userName=shanu, password=s1ecure1Password123, email=aysha11@example.com)]
2025-02-12T05:58:18.422+05:30  INFO 14624 --- [Usermicroservice] [http-nio-8081-exec-5] com.project.user.aop.LoggingAspect       : Exiting method: updateUser with result: UserDTO(userName=shanu, password=null, email=aysha11@example.com)
2025-02-12T05:58:22.532+05:30  INFO 14624 --- [Usermicroservice] [http-nio-8081-exec-4] com.project.user.aop.LoggingAspect       : Entering method: registerUser with arguments: [UserDTO(userName=aysha1111, password=securePassword123, email=aysha@ex)]
2025-02-12T05:58:22.558+05:30 ERROR 14624 --- [Usermicroservice] [http-nio-8081-exec-4] com.project.user.aop.LoggingAspect       : Exception in method: registerUser with cause: User with the same username or email already exists
2025-02-12T05:58:22.568+05:30  WARN 14624 --- [Usermicroservice] [http-nio-8081-exec-4] .m.m.a.ExceptionHandlerExceptionResolver : Resolved [com.project.user.exception.UserAlreadyExistsException: User with the same username or email already exists]
2025-02-12T05:58:26.868+05:30  INFO 14624 --- [Usermicroservice] [http-nio-8081-exec-7] com.project.user.aop.LoggingAspect       : Entering method: deleteUser with arguments: [103]
2025-02-12T05:58:26.871+05:30 ERROR 14624 --- [Usermicroservice] [http-nio-8081-exec-7] com.project.user.aop.LoggingAspect       : Exception in method: deleteUser with cause: User not found with id 103
2025-02-12T05:58:26.875+05:30  WARN 14624 --- [Usermicroservice] [http-nio-8081-exec-7] .m.m.a.ExceptionHandlerExceptionResolver : Resolved [com.project.user.exception.UserNotFoundException: User not found with id 103]
2025-02-12T06:01:50.870+05:30  INFO 14624 --- [Usermicroservice] [AsyncResolver-bootstrap-executor-%d] c.n.d.s.r.aws.ConfigClusterResolver      : Resolving eureka endpoints via configuration
2025-02-12T06:06:50.878+05:30  INFO 14624 --- [Usermicroservice] [AsyncResolver-bootstrap-executor-%d] c.n.d.s.r.aws.ConfigClusterResolver      : Resolving eureka endpoints via configuration
2025-02-12T06:11:50.885+05:30  INFO 14624 --- [Usermicroservice] [AsyncResolver-bootstrap-executor-%d] c.n.d.s.r.aws.ConfigClusterResolver      : Resolving eureka endpoints via configuration
2025-02-12T06:16:50.895+05:30  INFO 14624 --- [Usermicroservice] [AsyncResolver-bootstrap-executor-%d] c.n.d.s.r.aws.ConfigClusterResolver      : Resolving eureka endpoints via configuration
2025-02-12T06:21:50.905+05:30  INFO 14624 --- [Usermicroservice] [AsyncResolver-bootstrap-executor-%d] c.n.d.s.r.aws.ConfigClusterResolver      : Resolving eureka endpoints via configuration
2025-02-12T06:26:50.918+05:30  INFO 14624 --- [Usermicroservice] [AsyncResolver-bootstrap-executor-%d] c.n.d.s.r.aws.ConfigClusterResolver      : Resolving eureka endpoints via configuration
2025-02-12T06:30:53.030+05:30  WARN 14624 --- [Usermicroservice] [HikariPool-1 housekeeper] com.zaxxer.hikari.pool.HikariPool        : HikariPool-1 - Thread starvation or clock leap detected (housekeeper delta=3m34s167ms900µs100ns).
2025-02-12T06:34:55.088+05:30  INFO 14624 --- [Usermicroservice] [AsyncResolver-bootstrap-executor-%d] c.n.d.s.r.aws.ConfigClusterResolver      : Resolving eureka endpoints via configuration
2025-02-12T06:39:55.094+05:30  INFO 14624 --- [Usermicroservice] [AsyncResolver-bootstrap-executor-%d] c.n.d.s.r.aws.ConfigClusterResolver      : Resolving eureka endpoints via configuration
2025-02-12T06:44:55.106+05:30  INFO 14624 --- [Usermicroservice] [AsyncResolver-bootstrap-executor-%d] c.n.d.s.r.aws.ConfigClusterResolver      : Resolving eureka endpoints via configuration
2025-02-12T06:49:55.109+05:30  INFO 14624 --- [Usermicroservice] [AsyncResolver-bootstrap-executor-%d] c.n.d.s.r.aws.ConfigClusterResolver      : Resolving eureka endpoints via configuration
2025-02-12T06:54:55.123+05:30  INFO 14624 --- [Usermicroservice] [AsyncResolver-bootstrap-executor-%d] c.n.d.s.r.aws.ConfigClusterResolver      : Resolving eureka endpoints via configuration
