2025-02-12T05:56:36.149+05:30  INFO 17048 --- [StatisticsMicroservice] [restartedMain] c.p.s.StatisticsMicroserviceApplication  : Starting StatisticsMicroserviceApplication using Java 23.0.1 with PID 17048 (C:\Users\2380378\git\expenseincometracker\StatisticsMicroservice\target\classes started by 2380378 in C:\Users\2380378\git\expenseincometracker\StatisticsMicroservice)
2025-02-12T05:56:36.156+05:30  INFO 17048 --- [StatisticsMicroservice] [restartedMain] c.p.s.StatisticsMicroserviceApplication  : No active profile set, falling back to 1 default profile: "default"
2025-02-12T05:56:36.232+05:30  INFO 17048 --- [StatisticsMicroservice] [restartedMain] o.s.c.c.c.ConfigServerConfigDataLoader   : Fetching config from server at : http://localhost:1234
2025-02-12T05:56:36.233+05:30  INFO 17048 --- [StatisticsMicroservice] [restartedMain] o.s.c.c.c.ConfigServerConfigDataLoader   : Located environment: name=StatisticsMicroservice, profiles=[default], label=null, version=a8d3f205eee036121894df30b0313383363a635f, state=
2025-02-12T05:56:36.235+05:30  INFO 17048 --- [StatisticsMicroservice] [restartedMain] .e.DevToolsPropertyDefaultsPostProcessor : Devtools property defaults active! Set 'spring.devtools.add-properties' to 'false' to disable
2025-02-12T05:56:36.236+05:30  INFO 17048 --- [StatisticsMicroservice] [restartedMain] .e.DevToolsPropertyDefaultsPostProcessor : For additional web related logging consider setting the 'logging.level.web' property to 'DEBUG'
2025-02-12T05:56:37.044+05:30  INFO 17048 --- [StatisticsMicroservice] [restartedMain] .s.d.r.c.RepositoryConfigurationDelegate : Bootstrapping Spring Data JPA repositories in DEFAULT mode.
2025-02-12T05:56:37.218+05:30  INFO 17048 --- [StatisticsMicroservice] [restartedMain] .s.d.r.c.RepositoryConfigurationDelegate : Finished Spring Data repository scanning in 160 ms. Found 1 JPA repository interface.
2025-02-12T05:56:37.492+05:30  INFO 17048 --- [StatisticsMicroservice] [restartedMain] o.s.cloud.context.scope.GenericScope     : BeanFactory id=b1522cfe-ab55-3311-b644-52df8a958d45
2025-02-12T05:56:38.151+05:30  INFO 17048 --- [StatisticsMicroservice] [restartedMain] o.s.b.w.embedded.tomcat.TomcatWebServer  : Tomcat initialized with port 8084 (http)
2025-02-12T05:56:38.166+05:30  INFO 17048 --- [StatisticsMicroservice] [restartedMain] o.apache.catalina.core.StandardService   : Starting service [Tomcat]
2025-02-12T05:56:38.167+05:30  INFO 17048 --- [StatisticsMicroservice] [restartedMain] o.apache.catalina.core.StandardEngine    : Starting Servlet engine: [Apache Tomcat/10.1.34]
2025-02-12T05:56:38.235+05:30  INFO 17048 --- [StatisticsMicroservice] [restartedMain] o.a.c.c.C.[Tomcat].[localhost].[/]       : Initializing Spring embedded WebApplicationContext
2025-02-12T05:56:38.235+05:30  INFO 17048 --- [StatisticsMicroservice] [restartedMain] w.s.c.ServletWebServerApplicationContext : Root WebApplicationContext: initialization completed in 1998 ms
2025-02-12T05:56:38.394+05:30  INFO 17048 --- [StatisticsMicroservice] [restartedMain] o.hibernate.jpa.internal.util.LogHelper  : HHH000204: Processing PersistenceUnitInfo [name: default]
2025-02-12T05:56:38.441+05:30  INFO 17048 --- [StatisticsMicroservice] [restartedMain] org.hibernate.Version                    : HHH000412: Hibernate ORM core version 6.6.5.Final
2025-02-12T05:56:38.476+05:30  INFO 17048 --- [StatisticsMicroservice] [restartedMain] o.h.c.internal.RegionFactoryInitiator    : HHH000026: Second-level cache disabled
2025-02-12T05:56:38.764+05:30  INFO 17048 --- [StatisticsMicroservice] [restartedMain] o.s.o.j.p.SpringPersistenceUnitInfo      : No LoadTimeWeaver setup: ignoring JPA class transformer
2025-02-12T05:56:38.798+05:30  INFO 17048 --- [StatisticsMicroservice] [restartedMain] com.zaxxer.hikari.HikariDataSource       : HikariPool-1 - Starting...
2025-02-12T05:56:39.136+05:30  INFO 17048 --- [StatisticsMicroservice] [restartedMain] com.zaxxer.hikari.pool.HikariPool        : HikariPool-1 - Added connection com.mysql.cj.jdbc.ConnectionImpl@75a70e3e
2025-02-12T05:56:39.139+05:30  INFO 17048 --- [StatisticsMicroservice] [restartedMain] com.zaxxer.hikari.HikariDataSource       : HikariPool-1 - Start completed.
2025-02-12T05:56:39.258+05:30  INFO 17048 --- [StatisticsMicroservice] [restartedMain] org.hibernate.orm.connections.pooling    : HHH10001005: Database info:
	Database JDBC URL [Connecting through datasource 'HikariDataSource (HikariPool-1)']
	Database driver: undefined/unknown
	Database version: 8.0.40
	Autocommit mode: undefined/unknown
	Isolation level: undefined/unknown
	Minimum pool size: undefined/unknown
	Maximum pool size: undefined/unknown
2025-02-12T05:56:40.488+05:30  INFO 17048 --- [StatisticsMicroservice] [restartedMain] o.h.e.t.j.p.i.JtaPlatformInitiator       : HHH000489: No JTA platform available (set 'hibernate.transaction.jta.platform' to enable JTA platform integration)
2025-02-12T05:56:40.568+05:30  INFO 17048 --- [StatisticsMicroservice] [restartedMain] j.LocalContainerEntityManagerFactoryBean : Initialized JPA EntityManagerFactory for persistence unit 'default'
2025-02-12T05:56:40.799+05:30  WARN 17048 --- [StatisticsMicroservice] [restartedMain] JpaBaseConfiguration$JpaWebConfiguration : spring.jpa.open-in-view is enabled by default. Therefore, database queries may be performed during view rendering. Explicitly configure spring.jpa.open-in-view to disable this warning
2025-02-12T05:56:40.955+05:30  WARN 17048 --- [StatisticsMicroservice] [restartedMain] o.s.b.d.a.OptionalLiveReloadServer       : Unable to start LiveReload server
2025-02-12T05:56:41.112+05:30  INFO 17048 --- [StatisticsMicroservice] [restartedMain] o.s.c.openfeign.FeignClientFactoryBean   : For 'EXPENSEMICROSERVICE' URL not provided. Will try picking an instance via load-balancing.
2025-02-12T05:56:41.227+05:30  INFO 17048 --- [StatisticsMicroservice] [restartedMain] o.s.c.openfeign.FeignClientFactoryBean   : For 'INCOMEMICROSERVICE' URL not provided. Will try picking an instance via load-balancing.
2025-02-12T05:56:42.837+05:30  INFO 17048 --- [StatisticsMicroservice] [restartedMain] DiscoveryClientOptionalArgsConfiguration : Eureka HTTP Client uses RestTemplate.
2025-02-12T05:56:42.900+05:30  WARN 17048 --- [StatisticsMicroservice] [restartedMain] iguration$LoadBalancerCaffeineWarnLogger : Spring Cloud LoadBalancer is currently working with the default cache. While this cache implementation is useful for development and tests, it's recommended to use Caffeine cache in production.You can switch to using Caffeine cache, by adding it and org.springframework.cache.caffeine.CaffeineCacheManager to the classpath.
2025-02-12T05:56:43.004+05:30  INFO 17048 --- [StatisticsMicroservice] [restartedMain] o.s.c.n.eureka.InstanceInfoFactory       : Setting initial instance status as: STARTING
2025-02-12T05:56:43.051+05:30  INFO 17048 --- [StatisticsMicroservice] [restartedMain] com.netflix.discovery.DiscoveryClient    : Initializing Eureka in region us-east-1
2025-02-12T05:56:43.057+05:30  INFO 17048 --- [StatisticsMicroservice] [restartedMain] c.n.d.s.r.aws.ConfigClusterResolver      : Resolving eureka endpoints via configuration
2025-02-12T05:56:43.074+05:30  INFO 17048 --- [StatisticsMicroservice] [restartedMain] com.netflix.discovery.DiscoveryClient    : Disable delta property : false
2025-02-12T05:56:43.075+05:30  INFO 17048 --- [StatisticsMicroservice] [restartedMain] com.netflix.discovery.DiscoveryClient    : Single vip registry refresh property : null
2025-02-12T05:56:43.075+05:30  INFO 17048 --- [StatisticsMicroservice] [restartedMain] com.netflix.discovery.DiscoveryClient    : Force full registry fetch : false
2025-02-12T05:56:43.075+05:30  INFO 17048 --- [StatisticsMicroservice] [restartedMain] com.netflix.discovery.DiscoveryClient    : Application is null : false
2025-02-12T05:56:43.075+05:30  INFO 17048 --- [StatisticsMicroservice] [restartedMain] com.netflix.discovery.DiscoveryClient    : Registered Applications size is zero : true
2025-02-12T05:56:43.075+05:30  INFO 17048 --- [StatisticsMicroservice] [restartedMain] com.netflix.discovery.DiscoveryClient    : Application version is -1: true
2025-02-12T05:56:43.075+05:30  INFO 17048 --- [StatisticsMicroservice] [restartedMain] com.netflix.discovery.DiscoveryClient    : Getting all instance registry info from the eureka server
2025-02-12T05:56:43.505+05:30  INFO 17048 --- [StatisticsMicroservice] [restartedMain] com.netflix.discovery.DiscoveryClient    : The response status is 200
2025-02-12T05:56:43.509+05:30  INFO 17048 --- [StatisticsMicroservice] [restartedMain] com.netflix.discovery.DiscoveryClient    : Starting heartbeat executor: renew interval is: 30
2025-02-12T05:56:43.512+05:30  INFO 17048 --- [StatisticsMicroservice] [restartedMain] c.n.discovery.InstanceInfoReplicator     : InstanceInfoReplicator onDemand update allowed rate per min is 4
2025-02-12T05:56:43.515+05:30  INFO 17048 --- [StatisticsMicroservice] [restartedMain] com.netflix.discovery.DiscoveryClient    : Discovery Client initialized at timestamp 1739320003515 with initial instances count: 1
2025-02-12T05:56:43.525+05:30  INFO 17048 --- [StatisticsMicroservice] [restartedMain] o.s.c.n.e.s.EurekaServiceRegistry        : Registering application STATISTICSMICROSERVICE with eureka with status UP
2025-02-12T05:56:43.526+05:30  INFO 17048 --- [StatisticsMicroservice] [restartedMain] com.netflix.discovery.DiscoveryClient    : Saw local status change event StatusChangeEvent [timestamp=1739320003526, current=UP, previous=STARTING]
2025-02-12T05:56:43.529+05:30  INFO 17048 --- [StatisticsMicroservice] [DiscoveryClient-InstanceInfoReplicator-%d] com.netflix.discovery.DiscoveryClient    : DiscoveryClient_STATISTICSMICROSERVICE/LTIN563691.cts.com:StatisticsMicroservice:8084: registering service...
2025-02-12T05:56:43.562+05:30  INFO 17048 --- [StatisticsMicroservice] [restartedMain] o.s.b.w.embedded.tomcat.TomcatWebServer  : Tomcat started on port 8084 (http) with context path '/'
2025-02-12T05:56:43.563+05:30  INFO 17048 --- [StatisticsMicroservice] [restartedMain] .s.c.n.e.s.EurekaAutoServiceRegistration : Updating port to 8084
2025-02-12T05:56:43.582+05:30  INFO 17048 --- [StatisticsMicroservice] [restartedMain] c.p.s.StatisticsMicroserviceApplication  : Started StatisticsMicroserviceApplication in 9.191 seconds (process running for 10.048)
2025-02-12T05:56:43.615+05:30  INFO 17048 --- [StatisticsMicroservice] [DiscoveryClient-InstanceInfoReplicator-%d] com.netflix.discovery.DiscoveryClient    : DiscoveryClient_STATISTICSMICROSERVICE/LTIN563691.cts.com:StatisticsMicroservice:8084 - registration status: 204
2025-02-12T05:57:37.034+05:30  INFO 17048 --- [StatisticsMicroservice] [http-nio-8084-exec-1] o.a.c.c.C.[Tomcat].[localhost].[/]       : Initializing Spring DispatcherServlet 'dispatcherServlet'
2025-02-12T05:57:37.035+05:30  INFO 17048 --- [StatisticsMicroservice] [http-nio-8084-exec-1] o.s.web.servlet.DispatcherServlet        : Initializing Servlet 'dispatcherServlet'
2025-02-12T05:57:37.035+05:30  INFO 17048 --- [StatisticsMicroservice] [http-nio-8084-exec-1] o.s.web.servlet.DispatcherServlet        : Completed initialization in 0 ms
2025-02-12T05:57:37.092+05:30  INFO 17048 --- [StatisticsMicroservice] [http-nio-8084-exec-1] c.project.statistics.aop.LoggingAspect   : Entering method: getStats with arguments: [115]
2025-02-12T05:57:38.238+05:30  INFO 17048 --- [StatisticsMicroservice] [http-nio-8084-exec-1] c.project.statistics.aop.LoggingAspect   : Exiting method: getStats with result: StatsDTO(totalIncome=8458.5, totalExpense=1821.0, balance=6637.5)
2025-02-12T05:57:44.925+05:30  INFO 17048 --- [StatisticsMicroservice] [http-nio-8084-exec-3] c.project.statistics.aop.LoggingAspect   : Entering method: getChartData with arguments: [123]
2025-02-12T05:57:45.175+05:30  INFO 17048 --- [StatisticsMicroservice] [http-nio-8084-exec-3] c.project.statistics.aop.LoggingAspect   : Exiting method: getChartData with result: GraphDTO(expenseList=[ExpenseDTO(id=6, userId=123, amount=45000.0, date=2025-01-25), ExpenseDTO(id=8, userId=123, amount=1500.0, date=2025-01-25), ExpenseDTO(id=9, userId=123, amount=45000.0, date=2025-01-25), ExpenseDTO(id=10, userId=123, amount=45000.0, date=2025-01-25), ExpenseDTO(id=11, userId=123, amount=45000.0, date=2025-01-25), ExpenseDTO(id=12, userId=123, amount=45000.0, date=2025-01-25), ExpenseDTO(id=13, userId=123, amount=45000.0, date=2025-01-25), ExpenseDTO(id=14, userId=123, amount=45000.0, date=2025-01-25), ExpenseDTO(id=15, userId=123, amount=45000.0, date=2025-01-25), ExpenseDTO(id=16, userId=123, amount=45000.0, date=2025-01-25), ExpenseDTO(id=17, userId=123, amount=45000.0, date=2025-01-25), ExpenseDTO(id=18, userId=123, amount=45000.0, date=2025-01-25), ExpenseDTO(id=19, userId=123, amount=45000.0, date=2025-01-25), ExpenseDTO(id=20, userId=123, amount=45000.0, date=2025-01-25), ExpenseDTO(id=21, userId=123, amount=45000.0, date=2025-01-25), ExpenseDTO(id=22, userId=123, amount=45000.0, date=2025-01-25), ExpenseDTO(id=23, userId=123, amount=45000.0, date=2025-01-25), ExpenseDTO(id=24, userId=123, amount=45000.0, date=2025-01-25), ExpenseDTO(id=25, userId=123, amount=45000.0, date=2025-01-25), ExpenseDTO(id=26, userId=123, amount=45000.0, date=2025-01-25), ExpenseDTO(id=27, userId=123, amount=45000.0, date=2025-01-25), ExpenseDTO(id=28, userId=123, amount=45000.0, date=2025-01-25), ExpenseDTO(id=29, userId=123, amount=500.0, date=2025-01-28), ExpenseDTO(id=30, userId=123, amount=500.0, date=2025-01-28), ExpenseDTO(id=31, userId=123, amount=500.0, date=2025-01-28), ExpenseDTO(id=32, userId=123, amount=500.0, date=2025-01-28), ExpenseDTO(id=33, userId=123, amount=500.0, date=2025-01-28), ExpenseDTO(id=34, userId=123, amount=500.0, date=2025-01-28), ExpenseDTO(id=35, userId=123, amount=500.0, date=2025-01-28), ExpenseDTO(id=36, userId=123, amount=500.0, date=2025-01-28), ExpenseDTO(id=37, userId=123, amount=500.0, date=2025-01-28), ExpenseDTO(id=38, userId=123, amount=500.0, date=2025-01-28), ExpenseDTO(id=39, userId=123, amount=500.0, date=2025-01-28), ExpenseDTO(id=40, userId=123, amount=500.0, date=2025-01-25), ExpenseDTO(id=41, userId=123, amount=500.0, date=2025-01-24)], incomeList=[IncomeDTO(id=6, userId=123, amount=45000.0, date=2025-01-25), IncomeDTO(id=7, userId=123, amount=45000.0, date=2025-01-25), IncomeDTO(id=8, userId=123, amount=45000.0, date=2025-01-25), IncomeDTO(id=9, userId=123, amount=45000.0, date=2025-01-25), IncomeDTO(id=10, userId=123, amount=45000.0, date=2025-01-25), IncomeDTO(id=11, userId=123, amount=45000.0, date=2025-01-25), IncomeDTO(id=12, userId=123, amount=45000.0, date=2025-01-25), IncomeDTO(id=13, userId=123, amount=45000.0, date=2025-01-25), IncomeDTO(id=14, userId=123, amount=45000.0, date=2025-01-25), IncomeDTO(id=15, userId=123, amount=45000.0, date=2025-01-25), IncomeDTO(id=16, userId=123, amount=45000.0, date=2025-01-25), IncomeDTO(id=17, userId=123, amount=45000.0, date=2025-01-25), IncomeDTO(id=18, userId=123, amount=45000.0, date=2025-01-25), IncomeDTO(id=19, userId=123, amount=45000.0, date=2025-01-25), IncomeDTO(id=20, userId=123, amount=45000.0, date=2025-01-25), IncomeDTO(id=21, userId=123, amount=45000.0, date=2025-01-25), IncomeDTO(id=22, userId=123, amount=45000.0, date=2025-01-25), IncomeDTO(id=23, userId=123, amount=45000.0, date=2025-01-26), IncomeDTO(id=24, userId=123, amount=45000.0, date=2025-01-26), IncomeDTO(id=25, userId=123, amount=45000.0, date=2025-01-26), IncomeDTO(id=26, userId=123, amount=45000.0, date=2025-01-26), IncomeDTO(id=27, userId=123, amount=500.0, date=2025-01-25), IncomeDTO(id=28, userId=123, amount=500.0, date=2025-01-26), IncomeDTO(id=29, userId=123, amount=500.0, date=2025-01-27), IncomeDTO(id=30, userId=123, amount=500.0, date=2025-01-28)])
2025-02-12T06:01:43.084+05:30  INFO 17048 --- [StatisticsMicroservice] [AsyncResolver-bootstrap-executor-%d] c.n.d.s.r.aws.ConfigClusterResolver      : Resolving eureka endpoints via configuration
2025-02-12T06:06:43.090+05:30  INFO 17048 --- [StatisticsMicroservice] [AsyncResolver-bootstrap-executor-%d] c.n.d.s.r.aws.ConfigClusterResolver      : Resolving eureka endpoints via configuration
2025-02-12T06:11:43.101+05:30  INFO 17048 --- [StatisticsMicroservice] [AsyncResolver-bootstrap-executor-%d] c.n.d.s.r.aws.ConfigClusterResolver      : Resolving eureka endpoints via configuration
2025-02-12T06:16:43.104+05:30  INFO 17048 --- [StatisticsMicroservice] [AsyncResolver-bootstrap-executor-%d] c.n.d.s.r.aws.ConfigClusterResolver      : Resolving eureka endpoints via configuration
2025-02-12T06:21:43.108+05:30  INFO 17048 --- [StatisticsMicroservice] [AsyncResolver-bootstrap-executor-%d] c.n.d.s.r.aws.ConfigClusterResolver      : Resolving eureka endpoints via configuration
2025-02-12T06:26:43.114+05:30  INFO 17048 --- [StatisticsMicroservice] [AsyncResolver-bootstrap-executor-%d] c.n.d.s.r.aws.ConfigClusterResolver      : Resolving eureka endpoints via configuration
2025-02-12T06:30:43.927+05:30  WARN 17048 --- [StatisticsMicroservice] [HikariPool-1 housekeeper] com.zaxxer.hikari.pool.HikariPool        : HikariPool-1 - Thread starvation or clock leap detected (housekeeper delta=3m34s160ms882µs).
2025-02-12T06:34:47.278+05:30  INFO 17048 --- [StatisticsMicroservice] [AsyncResolver-bootstrap-executor-%d] c.n.d.s.r.aws.ConfigClusterResolver      : Resolving eureka endpoints via configuration
2025-02-12T06:39:47.288+05:30  INFO 17048 --- [StatisticsMicroservice] [AsyncResolver-bootstrap-executor-%d] c.n.d.s.r.aws.ConfigClusterResolver      : Resolving eureka endpoints via configuration
2025-02-12T06:44:47.303+05:30  INFO 17048 --- [StatisticsMicroservice] [AsyncResolver-bootstrap-executor-%d] c.n.d.s.r.aws.ConfigClusterResolver      : Resolving eureka endpoints via configuration
2025-02-12T06:49:47.313+05:30  INFO 17048 --- [StatisticsMicroservice] [AsyncResolver-bootstrap-executor-%d] c.n.d.s.r.aws.ConfigClusterResolver      : Resolving eureka endpoints via configuration
2025-02-12T06:54:47.319+05:30  INFO 17048 --- [StatisticsMicroservice] [AsyncResolver-bootstrap-executor-%d] c.n.d.s.r.aws.ConfigClusterResolver      : Resolving eureka endpoints via configuration
