2025-02-12T05:56:39.221+05:30  INFO 25956 --- [IncomeMicroservice] [restartedMain] c.p.i.IncomeMicroserviceApplication      : Starting IncomeMicroserviceApplication using Java 23.0.1 with PID 25956 (C:\Users\2380378\git\expenseincometracker\IncomeMicroservice\target\classes started by 2380378 in C:\Users\2380378\git\expenseincometracker\IncomeMicroservice)
2025-02-12T05:56:39.227+05:30  INFO 25956 --- [IncomeMicroservice] [restartedMain] c.p.i.IncomeMicroserviceApplication      : No active profile set, falling back to 1 default profile: "default"
2025-02-12T05:56:39.304+05:30  INFO 25956 --- [IncomeMicroservice] [restartedMain] o.s.c.c.c.ConfigServerConfigDataLoader   : Fetching config from server at : http://localhost:1234
2025-02-12T05:56:39.306+05:30  INFO 25956 --- [IncomeMicroservice] [restartedMain] o.s.c.c.c.ConfigServerConfigDataLoader   : Located environment: name=IncomeMicroservice, profiles=[default], label=null, version=a8d3f205eee036121894df30b0313383363a635f, state=
2025-02-12T05:56:39.309+05:30  INFO 25956 --- [IncomeMicroservice] [restartedMain] .e.DevToolsPropertyDefaultsPostProcessor : Devtools property defaults active! Set 'spring.devtools.add-properties' to 'false' to disable
2025-02-12T05:56:39.310+05:30  INFO 25956 --- [IncomeMicroservice] [restartedMain] .e.DevToolsPropertyDefaultsPostProcessor : For additional web related logging consider setting the 'logging.level.web' property to 'DEBUG'
2025-02-12T05:56:40.412+05:30  INFO 25956 --- [IncomeMicroservice] [restartedMain] .s.d.r.c.RepositoryConfigurationDelegate : Bootstrapping Spring Data JPA repositories in DEFAULT mode.
2025-02-12T05:56:40.678+05:30  INFO 25956 --- [IncomeMicroservice] [restartedMain] .s.d.r.c.RepositoryConfigurationDelegate : Finished Spring Data repository scanning in 246 ms. Found 1 JPA repository interface.
2025-02-12T05:56:41.151+05:30  INFO 25956 --- [IncomeMicroservice] [restartedMain] o.s.cloud.context.scope.GenericScope     : BeanFactory id=b89c8f80-243f-3c8f-b732-9e5e2152c457
2025-02-12T05:56:42.212+05:30  INFO 25956 --- [IncomeMicroservice] [restartedMain] o.s.b.w.embedded.tomcat.TomcatWebServer  : Tomcat initialized with port 8083 (http)
2025-02-12T05:56:42.231+05:30  INFO 25956 --- [IncomeMicroservice] [restartedMain] o.apache.catalina.core.StandardService   : Starting service [Tomcat]
2025-02-12T05:56:42.231+05:30  INFO 25956 --- [IncomeMicroservice] [restartedMain] o.apache.catalina.core.StandardEngine    : Starting Servlet engine: [Apache Tomcat/10.1.34]
2025-02-12T05:56:42.355+05:30  INFO 25956 --- [IncomeMicroservice] [restartedMain] o.a.c.c.C.[Tomcat].[localhost].[/]       : Initializing Spring embedded WebApplicationContext
2025-02-12T05:56:42.356+05:30  INFO 25956 --- [IncomeMicroservice] [restartedMain] w.s.c.ServletWebServerApplicationContext : Root WebApplicationContext: initialization completed in 3045 ms
2025-02-12T05:56:42.639+05:30  INFO 25956 --- [IncomeMicroservice] [restartedMain] o.hibernate.jpa.internal.util.LogHelper  : HHH000204: Processing PersistenceUnitInfo [name: default]
2025-02-12T05:56:42.747+05:30  INFO 25956 --- [IncomeMicroservice] [restartedMain] org.hibernate.Version                    : HHH000412: Hibernate ORM core version 6.6.5.Final
2025-02-12T05:56:42.798+05:30  INFO 25956 --- [IncomeMicroservice] [restartedMain] o.h.c.internal.RegionFactoryInitiator    : HHH000026: Second-level cache disabled
2025-02-12T05:56:43.318+05:30  INFO 25956 --- [IncomeMicroservice] [restartedMain] o.s.o.j.p.SpringPersistenceUnitInfo      : No LoadTimeWeaver setup: ignoring JPA class transformer
2025-02-12T05:56:43.378+05:30  INFO 25956 --- [IncomeMicroservice] [restartedMain] com.zaxxer.hikari.HikariDataSource       : HikariPool-1 - Starting...
2025-02-12T05:56:44.019+05:30  INFO 25956 --- [IncomeMicroservice] [restartedMain] com.zaxxer.hikari.pool.HikariPool        : HikariPool-1 - Added connection com.mysql.cj.jdbc.ConnectionImpl@7e1f2299
2025-02-12T05:56:44.022+05:30  INFO 25956 --- [IncomeMicroservice] [restartedMain] com.zaxxer.hikari.HikariDataSource       : HikariPool-1 - Start completed.
2025-02-12T05:56:44.203+05:30  INFO 25956 --- [IncomeMicroservice] [restartedMain] org.hibernate.orm.connections.pooling    : HHH10001005: Database info:
	Database JDBC URL [Connecting through datasource 'HikariDataSource (HikariPool-1)']
	Database driver: undefined/unknown
	Database version: 8.0.40
	Autocommit mode: undefined/unknown
	Isolation level: undefined/unknown
	Minimum pool size: undefined/unknown
	Maximum pool size: undefined/unknown
2025-02-12T05:56:45.454+05:30  INFO 25956 --- [IncomeMicroservice] [restartedMain] o.h.e.t.j.p.i.JtaPlatformInitiator       : HHH000489: No JTA platform available (set 'hibernate.transaction.jta.platform' to enable JTA platform integration)
2025-02-12T05:56:45.515+05:30  INFO 25956 --- [IncomeMicroservice] [restartedMain] j.LocalContainerEntityManagerFactoryBean : Initialized JPA EntityManagerFactory for persistence unit 'default'
2025-02-12T05:56:45.972+05:30  INFO 25956 --- [IncomeMicroservice] [restartedMain] o.s.d.j.r.query.QueryEnhancerFactory     : Hibernate is in classpath; If applicable, HQL parser will be used.
2025-02-12T05:56:46.735+05:30  WARN 25956 --- [IncomeMicroservice] [restartedMain] JpaBaseConfiguration$JpaWebConfiguration : spring.jpa.open-in-view is enabled by default. Therefore, database queries may be performed during view rendering. Explicitly configure spring.jpa.open-in-view to disable this warning
2025-02-12T05:56:47.561+05:30  WARN 25956 --- [IncomeMicroservice] [restartedMain] o.s.b.d.a.OptionalLiveReloadServer       : Unable to start LiveReload server
2025-02-12T05:56:47.657+05:30  INFO 25956 --- [IncomeMicroservice] [restartedMain] DiscoveryClientOptionalArgsConfiguration : Eureka HTTP Client uses RestTemplate.
2025-02-12T05:56:47.747+05:30  WARN 25956 --- [IncomeMicroservice] [restartedMain] iguration$LoadBalancerCaffeineWarnLogger : Spring Cloud LoadBalancer is currently working with the default cache. While this cache implementation is useful for development and tests, it's recommended to use Caffeine cache in production.You can switch to using Caffeine cache, by adding it and org.springframework.cache.caffeine.CaffeineCacheManager to the classpath.
2025-02-12T05:56:47.847+05:30  INFO 25956 --- [IncomeMicroservice] [restartedMain] o.s.c.n.eureka.InstanceInfoFactory       : Setting initial instance status as: STARTING
2025-02-12T05:56:47.882+05:30  INFO 25956 --- [IncomeMicroservice] [restartedMain] com.netflix.discovery.DiscoveryClient    : Initializing Eureka in region us-east-1
2025-02-12T05:56:47.935+05:30  INFO 25956 --- [IncomeMicroservice] [restartedMain] c.n.d.s.r.aws.ConfigClusterResolver      : Resolving eureka endpoints via configuration
2025-02-12T05:56:47.946+05:30  INFO 25956 --- [IncomeMicroservice] [restartedMain] com.netflix.discovery.DiscoveryClient    : Disable delta property : false
2025-02-12T05:56:47.946+05:30  INFO 25956 --- [IncomeMicroservice] [restartedMain] com.netflix.discovery.DiscoveryClient    : Single vip registry refresh property : null
2025-02-12T05:56:47.947+05:30  INFO 25956 --- [IncomeMicroservice] [restartedMain] com.netflix.discovery.DiscoveryClient    : Force full registry fetch : false
2025-02-12T05:56:47.947+05:30  INFO 25956 --- [IncomeMicroservice] [restartedMain] com.netflix.discovery.DiscoveryClient    : Application is null : false
2025-02-12T05:56:47.947+05:30  INFO 25956 --- [IncomeMicroservice] [restartedMain] com.netflix.discovery.DiscoveryClient    : Registered Applications size is zero : true
2025-02-12T05:56:47.947+05:30  INFO 25956 --- [IncomeMicroservice] [restartedMain] com.netflix.discovery.DiscoveryClient    : Application version is -1: true
2025-02-12T05:56:47.948+05:30  INFO 25956 --- [IncomeMicroservice] [restartedMain] com.netflix.discovery.DiscoveryClient    : Getting all instance registry info from the eureka server
2025-02-12T05:56:48.262+05:30  INFO 25956 --- [IncomeMicroservice] [restartedMain] com.netflix.discovery.DiscoveryClient    : The response status is 200
2025-02-12T05:56:48.264+05:30  INFO 25956 --- [IncomeMicroservice] [restartedMain] com.netflix.discovery.DiscoveryClient    : Starting heartbeat executor: renew interval is: 30
2025-02-12T05:56:48.266+05:30  INFO 25956 --- [IncomeMicroservice] [restartedMain] c.n.discovery.InstanceInfoReplicator     : InstanceInfoReplicator onDemand update allowed rate per min is 4
2025-02-12T05:56:48.268+05:30  INFO 25956 --- [IncomeMicroservice] [restartedMain] com.netflix.discovery.DiscoveryClient    : Discovery Client initialized at timestamp 1739320008268 with initial instances count: 1
2025-02-12T05:56:48.283+05:30  INFO 25956 --- [IncomeMicroservice] [restartedMain] o.s.c.n.e.s.EurekaServiceRegistry        : Registering application INCOMEMICROSERVICE with eureka with status UP
2025-02-12T05:56:48.283+05:30  INFO 25956 --- [IncomeMicroservice] [restartedMain] com.netflix.discovery.DiscoveryClient    : Saw local status change event StatusChangeEvent [timestamp=1739320008283, current=UP, previous=STARTING]
2025-02-12T05:56:48.286+05:30  INFO 25956 --- [IncomeMicroservice] [DiscoveryClient-InstanceInfoReplicator-%d] com.netflix.discovery.DiscoveryClient    : DiscoveryClient_INCOMEMICROSERVICE/LTIN563691.cts.com:IncomeMicroservice:8083: registering service...
2025-02-12T05:56:48.315+05:30  INFO 25956 --- [IncomeMicroservice] [restartedMain] o.s.b.w.embedded.tomcat.TomcatWebServer  : Tomcat started on port 8083 (http) with context path '/'
2025-02-12T05:56:48.316+05:30  INFO 25956 --- [IncomeMicroservice] [restartedMain] .s.c.n.e.s.EurekaAutoServiceRegistration : Updating port to 8083
2025-02-12T05:56:48.336+05:30  INFO 25956 --- [IncomeMicroservice] [restartedMain] c.p.i.IncomeMicroserviceApplication      : Started IncomeMicroserviceApplication in 10.815 seconds (process running for 11.755)
2025-02-12T05:56:48.352+05:30  INFO 25956 --- [IncomeMicroservice] [DiscoveryClient-InstanceInfoReplicator-%d] com.netflix.discovery.DiscoveryClient    : DiscoveryClient_INCOMEMICROSERVICE/LTIN563691.cts.com:IncomeMicroservice:8083 - registration status: 204
2025-02-12T05:57:37.297+05:30  INFO 25956 --- [IncomeMicroservice] [http-nio-8083-exec-1] o.a.c.c.C.[Tomcat].[localhost].[/]       : Initializing Spring DispatcherServlet 'dispatcherServlet'
2025-02-12T05:57:37.298+05:30  INFO 25956 --- [IncomeMicroservice] [http-nio-8083-exec-1] o.s.web.servlet.DispatcherServlet        : Initializing Servlet 'dispatcherServlet'
2025-02-12T05:57:37.300+05:30  INFO 25956 --- [IncomeMicroservice] [http-nio-8083-exec-1] o.s.web.servlet.DispatcherServlet        : Completed initialization in 2 ms
2025-02-12T05:57:37.389+05:30  INFO 25956 --- [IncomeMicroservice] [http-nio-8083-exec-1] com.project.income.aop.LoggingAspect     : Entering method: getTotalIncome with arguments: [115]
2025-02-12T05:57:37.560+05:30  INFO 25956 --- [IncomeMicroservice] [http-nio-8083-exec-1] com.project.income.aop.LoggingAspect     : Exiting method: getTotalIncome with result: 8458.5
2025-02-12T05:57:45.069+05:30  INFO 25956 --- [IncomeMicroservice] [http-nio-8083-exec-2] com.project.income.aop.LoggingAspect     : Entering method: getIncomesByUserIdAndDateBetween with arguments: [123, 2025-01-13, 2025-02-12]
2025-02-12T05:57:45.143+05:30  INFO 25956 --- [IncomeMicroservice] [http-nio-8083-exec-2] com.project.income.aop.LoggingAspect     : Exiting method: getIncomesByUserIdAndDateBetween with result: [Income(id=6, title=Salary, description=Monthly salary for jan, category=Job, amount=45000.0, date=2025-01-25, userId=123), Income(id=7, title=Salary, description=Monthly salary for jan, category=Job, amount=45000.0, date=2025-01-25, userId=123), Income(id=8, title=Salary, description=Monthly salary for jan, category=Job, amount=45000.0, date=2025-01-25, userId=123), Income(id=9, title=Salary, description=Monthly salary for jan, category=Job, amount=45000.0, date=2025-01-25, userId=123), Income(id=10, title=Salary, description=Monthly salary for jan, category=Job, amount=45000.0, date=2025-01-25, userId=123), Income(id=11, title=Salary, description=Monthly salary for jan, category=Job, amount=45000.0, date=2025-01-25, userId=123), Income(id=12, title=Salary, description=Monthly salary for jan, category=Job, amount=45000.0, date=2025-01-25, userId=123), Income(id=13, title=Salary, description=Monthly salary for jan, category=Job, amount=45000.0, date=2025-01-25, userId=123), Income(id=14, title=Salary, description=Monthly salary for jan, category=Job, amount=45000.0, date=2025-01-25, userId=123), Income(id=15, title=Salary, description=Monthly salary for jan, category=Job, amount=45000.0, date=2025-01-25, userId=123), Income(id=16, title=Salary, description=Monthly salary for jan, category=Job, amount=45000.0, date=2025-01-25, userId=123), Income(id=17, title=Salary, description=Monthly salary for jan, category=Job, amount=45000.0, date=2025-01-25, userId=123), Income(id=18, title=Salary, description=Monthly salary for jan, category=Job, amount=45000.0, date=2025-01-25, userId=123), Income(id=19, title=Salary, description=Monthly salary for jan, category=Job, amount=45000.0, date=2025-01-25, userId=123), Income(id=20, title=Salary, description=Monthly salary for jan, category=Job, amount=45000.0, date=2025-01-25, userId=123), Income(id=21, title=Salary, description=Monthly salary for jan, category=Job, amount=45000.0, date=2025-01-25, userId=123), Income(id=22, title=Salary, description=Monthly salary for jan, category=Job, amount=45000.0, date=2025-01-25, userId=123), Income(id=23, title=Salary, description=Monthly salary for jan, category=Job, amount=45000.0, date=2025-01-26, userId=123), Income(id=24, title=Salary, description=Monthly salary for jan, category=Job, amount=45000.0, date=2025-01-26, userId=123), Income(id=25, title=Salary, description=Monthly salary for jan, category=Job, amount=45000.0, date=2025-01-26, userId=123), Income(id=26, title=Salary, description=Monthly salary for jan, category=Job, amount=45000.0, date=2025-01-26, userId=123), Income(id=27, title=Fruits, description=Shoppingss, category=PG, amount=500.0, date=2025-01-25, userId=123), Income(id=28, title=Fruits, description=Shoppingss, category=PG, amount=500.0, date=2025-01-26, userId=123), Income(id=29, title=Fruits, description=Shoppingss, category=PG, amount=500.0, date=2025-01-27, userId=123), Income(id=30, title=Fruits, description=Shoppingss, category=PG, amount=500.0, date=2025-01-28, userId=123)]
2025-02-12T05:58:37.472+05:30  INFO 25956 --- [IncomeMicroservice] [http-nio-8083-exec-4] com.project.income.aop.LoggingAspect     : Entering method: addIncome with arguments: [IncomeDTO(title=Groceries, description=Weekly grocery shopping, category=Food, amount=150.0, date=2025-01-02, userId=115)]
2025-02-12T05:58:37.513+05:30  INFO 25956 --- [IncomeMicroservice] [http-nio-8083-exec-4] com.project.income.aop.LoggingAspect     : Exiting method: addIncome with result: Income(id=48, title=Groceries, description=Weekly grocery shopping, category=Food, amount=150.0, date=2025-01-02, userId=115)
2025-02-12T05:58:42.490+05:30  INFO 25956 --- [IncomeMicroservice] [http-nio-8083-exec-5] com.project.income.aop.LoggingAspect     : Entering method: updateIncome with arguments: [34, IncomeDTO(title=Monthly, description=feb, category=bonus, amount=2000.0, date=2025-01-01, userId=115)]
2025-02-12T05:58:42.499+05:30  INFO 25956 --- [IncomeMicroservice] [http-nio-8083-exec-5] com.project.income.aop.LoggingAspect     : Exiting method: updateIncome with result: Income(id=34, title=Monthly, description=feb, category=bonus, amount=2000.0, date=2025-01-01, userId=115)
2025-02-12T05:58:46.784+05:30  INFO 25956 --- [IncomeMicroservice] [http-nio-8083-exec-7] com.project.income.aop.LoggingAspect     : Entering method: deleteIncome with arguments: [37, 115]
2025-02-12T05:58:46.789+05:30 ERROR 25956 --- [IncomeMicroservice] [http-nio-8083-exec-7] com.project.income.aop.LoggingAspect     : Exception in method: deleteIncome with cause: Income Not Found
2025-02-12T05:58:46.797+05:30  WARN 25956 --- [IncomeMicroservice] [http-nio-8083-exec-7] .m.m.a.ExceptionHandlerExceptionResolver : Resolved [com.project.income.exception.IncomeNotFoundException: Income Not Found]
2025-02-12T05:58:51.502+05:30  INFO 25956 --- [IncomeMicroservice] [http-nio-8083-exec-8] com.project.income.aop.LoggingAspect     : Entering method: getAllIncome with arguments: [115, Page request [number: 0, size 20, sort: UNSORTED]]
2025-02-12T05:58:51.525+05:30  INFO 25956 --- [IncomeMicroservice] [http-nio-8083-exec-8] com.project.income.aop.LoggingAspect     : Exiting method: getAllIncome with result: Page 1 of 1 containing com.project.income.entity.Income instances
2025-02-12T05:58:51.537+05:30  WARN 25956 --- [IncomeMicroservice] [http-nio-8083-exec-8] ration$PageModule$WarningLoggingModifier : Serializing PageImpl instances as-is is not supported, meaning that there is no guarantee about the stability of the resulting JSON structure!
	For a stable JSON structure, please use Spring Data's PagedModel (globally via @EnableSpringDataWebSupport(pageSerializationMode = VIA_DTO))
	or Spring HATEOAS and Spring Data's PagedResourcesAssembler as documented in https://docs.spring.io/spring-data/commons/reference/repositories/core-extensions.html#core.web.pageables.

2025-02-12T05:59:14.339+05:30  INFO 25956 --- [IncomeMicroservice] [http-nio-8083-exec-9] com.project.income.aop.LoggingAspect     : Entering method: getTotalIncome with arguments: [117]
2025-02-12T05:59:14.344+05:30 ERROR 25956 --- [IncomeMicroservice] [http-nio-8083-exec-9] com.project.income.aop.LoggingAspect     : Exception in method: getTotalIncome with cause: No income found for user ID: 117
2025-02-12T05:59:14.348+05:30  WARN 25956 --- [IncomeMicroservice] [http-nio-8083-exec-9] .m.m.a.ExceptionHandlerExceptionResolver : Resolved [com.project.income.exception.IncomeNotFoundException: No income found for user ID: 117]
2025-02-12T05:59:23.814+05:30  INFO 25956 --- [IncomeMicroservice] [http-nio-8083-exec-10] com.project.income.aop.LoggingAspect     : Entering method: getIncome with arguments: [34, 115]
2025-02-12T05:59:23.818+05:30  INFO 25956 --- [IncomeMicroservice] [http-nio-8083-exec-10] com.project.income.aop.LoggingAspect     : Exiting method: getIncome with result: Income(id=34, title=Monthly, description=feb, category=bonus, amount=2000.0, date=2025-01-01, userId=115)
2025-02-12T05:59:29.266+05:30  INFO 25956 --- [IncomeMicroservice] [http-nio-8083-exec-1] com.project.income.aop.LoggingAspect     : Entering method: getIncomesByUserIdAndDateBetween with arguments: [115, 2025-02-01, 2025-02-02]
2025-02-12T05:59:29.270+05:30 ERROR 25956 --- [IncomeMicroservice] [http-nio-8083-exec-1] com.project.income.aop.LoggingAspect     : Exception in method: getIncomesByUserIdAndDateBetween with cause: No incomes found for the given date range
2025-02-12T05:59:29.273+05:30  WARN 25956 --- [IncomeMicroservice] [http-nio-8083-exec-1] .m.m.a.ExceptionHandlerExceptionResolver : Resolved [com.project.income.exception.IncomeNotFoundException: No incomes found for the given date range]
2025-02-12T06:01:47.953+05:30  INFO 25956 --- [IncomeMicroservice] [AsyncResolver-bootstrap-executor-%d] c.n.d.s.r.aws.ConfigClusterResolver      : Resolving eureka endpoints via configuration
2025-02-12T06:06:47.960+05:30  INFO 25956 --- [IncomeMicroservice] [AsyncResolver-bootstrap-executor-%d] c.n.d.s.r.aws.ConfigClusterResolver      : Resolving eureka endpoints via configuration
2025-02-12T06:11:47.977+05:30  INFO 25956 --- [IncomeMicroservice] [AsyncResolver-bootstrap-executor-%d] c.n.d.s.r.aws.ConfigClusterResolver      : Resolving eureka endpoints via configuration
2025-02-12T06:16:47.993+05:30  INFO 25956 --- [IncomeMicroservice] [AsyncResolver-bootstrap-executor-%d] c.n.d.s.r.aws.ConfigClusterResolver      : Resolving eureka endpoints via configuration
2025-02-12T06:21:48.000+05:30  INFO 25956 --- [IncomeMicroservice] [AsyncResolver-bootstrap-executor-%d] c.n.d.s.r.aws.ConfigClusterResolver      : Resolving eureka endpoints via configuration
2025-02-12T06:26:48.006+05:30  INFO 25956 --- [IncomeMicroservice] [AsyncResolver-bootstrap-executor-%d] c.n.d.s.r.aws.ConfigClusterResolver      : Resolving eureka endpoints via configuration
2025-02-12T06:30:48.756+05:30  WARN 25956 --- [IncomeMicroservice] [HikariPool-1 housekeeper] com.zaxxer.hikari.pool.HikariPool        : HikariPool-1 - Thread starvation or clock leap detected (housekeeper delta=3m34s155ms622µs300ns).
2025-02-12T06:34:52.166+05:30  INFO 25956 --- [IncomeMicroservice] [AsyncResolver-bootstrap-executor-%d] c.n.d.s.r.aws.ConfigClusterResolver      : Resolving eureka endpoints via configuration
2025-02-12T06:39:52.174+05:30  INFO 25956 --- [IncomeMicroservice] [AsyncResolver-bootstrap-executor-%d] c.n.d.s.r.aws.ConfigClusterResolver      : Resolving eureka endpoints via configuration
2025-02-12T06:44:52.187+05:30  INFO 25956 --- [IncomeMicroservice] [AsyncResolver-bootstrap-executor-%d] c.n.d.s.r.aws.ConfigClusterResolver      : Resolving eureka endpoints via configuration
2025-02-12T06:49:52.190+05:30  INFO 25956 --- [IncomeMicroservice] [AsyncResolver-bootstrap-executor-%d] c.n.d.s.r.aws.ConfigClusterResolver      : Resolving eureka endpoints via configuration
2025-02-12T06:54:52.203+05:30  INFO 25956 --- [IncomeMicroservice] [AsyncResolver-bootstrap-executor-%d] c.n.d.s.r.aws.ConfigClusterResolver      : Resolving eureka endpoints via configuration
